0 /home/cse/BTP/Examples/RGB-D/rgbd_tum
1 Vocabulary/ORBvoc.txt
2 /home/cse/BTP/Examples/RGB-D/TUM3.yaml
3 /home/cse/Downloads/rgbd_dataset_freiburg3_walking_xyz
4 /home/cse/Downloads/rgbd_dataset_freiburg3_walking_xyz/associations.txt
5 /home/cse/segmentationTest/segmentationResults
6 /home/cse/segmentationTest/objectDetectionResults

ORB-SLAM2 Copyright (C) 2014-2016 Raul Mur-Artal, University of Zaragoza.
This program comes with ABSOLUTELY NO WARRANTY;
This is free software, and you are welcome to redistribute it
under certain conditions. See LICENSE.txt.

Input sensor was set to: RGB-D

Loading ORB Vocabulary. This could take a while...
Vocabulary loaded!


Camera Parameters: 
- fx: 535.4
- fy: 539.2
- cx: 320.1
- cy: 247.6
- k1: 0
- k2: 0
- p1: 0
- p2: 0
- fps: 30
- color order: RGB (ignored if grayscale)

ORB Extractor Parameters: 
- Number of Features: 1000
- Scale Levels: 8
- Scale Factor: 1.2
- Initial Fast Threshold: 20
- Minimum Fast Threshold: 7

Depth Threshold (Close/Far Points): 2.98842

-------
Start processing sequence ...
Images in the sequence: 827

rgb/1341846313.592026.png
New map created with 718 points
rgb/1341846313.654184.png
0 0
rgb/1341846313.686156.png
0 0
rgb/1341846313.721918.png
0 0
rgb/1341846313.753994.png
0 0
rgb/1341846313.789969.png
0 0
rgb/1341846313.822075.png
0 0
rgb/1341846313.853928.png
0 0
rgb/1341846313.890011.png
0 0
rgb/1341846313.922055.png
0 0
rgb/1341846313.957927.png
0 0
rgb/1341846313.990058.png
0 0
rgb/1341846314.022042.png
0 0
rgb/1341846314.057816.png
0 0
rgb/1341846314.089801.png
0 0
rgb/1341846314.122037.png
0 0
rgb/1341846314.157989.png
0 0
rgb/1341846314.190094.png
0 0
rgb/1341846314.225969.png
0 0
rgb/1341846314.257923.png
0 0
rgb/1341846314.290052.png
0 0
rgb/1341846314.325981.png
0 0
rgb/1341846314.357905.png
0 0
rgb/1341846314.389899.png
0 0
rgb/1341846314.427905.png
0 0
rgb/1341846314.493987.png
0 0
rgb/1341846314.526085.png
0 0
rgb/1341846314.558292.png
0 0
rgb/1341846314.594085.png
0 0
rgb/1341846314.626096.png
0 0
rgb/1341846314.658455.png
0 0
rgb/1341846314.694004.png
0 0
rgb/1341846314.725910.png
0 0
rgb/1341846314.761942.png
0 0
rgb/1341846314.794030.png
0 0
rgb/1341846314.826092.png
0 0
rgb/1341846314.862145.png
0 0
rgb/1341846314.894072.png
0 0
rgb/1341846314.925969.png
0 0
rgb/1341846314.961937.png
0 0
rgb/1341846314.994564.png
0 0
rgb/1341846315.029900.png
0 0
rgb/1341846315.061965.png
0 0
rgb/1341846315.094388.png
0 0
rgb/1341846315.129851.png
0 0
rgb/1341846315.161941.png
0 0
rgb/1341846315.197984.png
0 0
rgb/1341846315.230076.png
0 0
rgb/1341846315.262069.png
0 0
rgb/1341846315.298000.png
0 0
rgb/1341846315.329931.png
0 0
rgb/1341846315.361981.png
0 0
rgb/1341846315.397962.png
0 0
rgb/1341846315.429923.png
0 0
rgb/1341846315.466047.png
0 0
rgb/1341846315.497883.png
0 0
rgb/1341846315.530008.png
0 0
rgb/1341846315.566108.png
0 0
rgb/1341846315.597986.png
0 0
rgb/1341846315.630109.png
0 0
rgb/1341846315.666042.png
0 0
rgb/1341846315.698114.png
0 0
rgb/1341846315.733985.png
0 0
rgb/1341846315.766041.png
0 0
rgb/1341846315.798188.png
0 0
rgb/1341846315.834140.png
0 0
rgb/1341846315.866751.png
0 0
rgb/1341846315.898492.png
0 0
rgb/1341846315.936901.png
0 0
rgb/1341846315.966572.png
0 0
rgb/1341846316.034204.png
0 0
rgb/1341846316.066113.png
0 0
rgb/1341846316.101867.png
0 0
rgb/1341846316.134066.png
0 0
rgb/1341846316.202049.png
0 0
rgb/1341846316.233979.png
0 0
rgb/1341846316.270052.png
0 0
rgb/1341846316.301915.png
0 0
rgb/1341846316.334208.png
0 0
rgb/1341846316.370006.png
0 0
rgb/1341846316.401994.png
0 0
rgb/1341846316.438069.png
0 0
rgb/1341846316.470076.png
0 0
rgb/1341846316.502034.png
0 0
rgb/1341846316.537975.png
0 0
rgb/1341846316.570121.png
0 0
rgb/1341846316.601885.png
0 0
rgb/1341846316.638009.png
0 0
rgb/1341846316.669925.png
0 0
rgb/1341846316.705941.png
0 0
rgb/1341846316.738062.png
0 0
rgb/1341846316.770433.png
0 0
rgb/1341846316.805932.png
0 0
rgb/1341846316.838029.png
0 0
rgb/1341846316.870034.png
0 0
rgb/1341846316.906344.png
0 0
rgb/1341846316.937940.png
0 0
rgb/1341846316.973994.png
0 0
rgb/1341846317.005913.png
0 0
rgb/1341846317.037936.png
0 0
rgb/1341846317.073972.png
0 0
rgb/1341846317.106113.png
0 0
rgb/1341846317.137887.png
0 0
rgb/1341846317.173970.png
0 0
rgb/1341846317.205887.png
0 0
rgb/1341846317.248131.png
0 0
rgb/1341846317.306289.png
0 0
rgb/1341846317.348137.png
0 0
rgb/1341846317.410120.png
0 0
rgb/1341846317.442569.png
0 0
rgb/1341846317.474010.png
0 0
rgb/1341846317.509927.png
0 0
rgb/1341846317.542282.png
0 0
rgb/1341846317.573943.png
0 0
rgb/1341846317.610159.png
0 0
rgb/1341846317.643553.png
0 0
rgb/1341846317.677993.png
0 0
rgb/1341846317.709996.png
0 0
rgb/1341846317.741834.png
0 0
rgb/1341846317.777923.png
0 0
rgb/1341846317.810021.png
0 0
rgb/1341846317.841886.png
0 0
rgb/1341846317.878017.png
0 0
rgb/1341846317.909910.png
0 0
rgb/1341846317.946031.png
0 0
rgb/1341846317.978041.png
0 0
rgb/1341846318.009897.png
0 0
rgb/1341846318.045949.png
0 0
rgb/1341846318.078074.png
0 0
rgb/1341846318.109894.png
0 0
rgb/1341846318.145957.png
0 0
rgb/1341846318.178001.png
0 0
rgb/1341846318.214074.png
0 0
rgb/1341846318.245970.png
0 0
rgb/1341846318.278018.png
0 0
rgb/1341846318.313937.png
0 0
rgb/1341846318.345989.png
0 0
rgb/1341846318.382046.png
0 0
rgb/1341846318.414072.png
0 0
rgb/1341846318.446035.png
0 0
rgb/1341846318.482196.png
0 0
rgb/1341846318.514144.png
0 0
rgb/1341846318.546259.png
0 0
rgb/1341846318.582042.png
0 0
rgb/1341846318.614115.png
0 0
rgb/1341846318.650038.png
0 0
rgb/1341846318.682350.png
0 0
rgb/1341846318.714063.png
0 0
rgb/1341846318.749905.png
0 0
rgb/1341846318.782036.png
0 0
rgb/1341846318.814121.png
0 0
rgb/1341846318.850072.png
0 0
rgb/1341846318.883516.png
0 0
rgb/1341846318.918047.png
0 0
rgb/1341846318.950044.png
0 0
rgb/1341846318.982028.png
0 0
rgb/1341846319.018123.png
0 0
rgb/1341846319.050745.png
0 0
rgb/1341846319.081905.png
0 0
rgb/1341846319.117976.png
0 0
rgb/1341846319.150093.png
0 0
rgb/1341846319.186069.png
0 0
rgb/1341846319.218149.png
0 0
rgb/1341846319.250034.png
0 0
rgb/1341846319.286594.png
0 0
rgb/1341846319.318034.png
0 0
rgb/1341846319.350268.png
0 0
rgb/1341846319.386163.png
0 0
rgb/1341846319.418386.png
0 0
rgb/1341846319.453961.png
0 0
rgb/1341846319.486271.png
0 0
rgb/1341846319.554083.png
0 0
rgb/1341846319.586296.png
0 0
rgb/1341846319.622031.png
0 0
rgb/1341846319.653962.png
0 0
rgb/1341846319.686352.png
0 0
rgb/1341846319.721992.png
0 0
rgb/1341846319.754063.png
0 0
rgb/1341846319.786397.png
0 0
rgb/1341846319.822008.png
0 0
rgb/1341846319.853917.png
rgb/1341846319.889942.png
0 0
rgb/1341846319.922039.png
0 0
rgb/1341846319.953946.png
0 0
rgb/1341846319.990054.png
0 0
rgb/1341846320.028122.png
rgb/1341846320.090047.png
0 0
rgb/1341846320.122011.png
0 0
rgb/1341846320.157952.png
0 0
rgb/1341846320.190003.png
0 0
rgb/1341846320.221941.png
0 0
rgb/1341846320.258015.png
0 0
rgb/1341846320.289887.png
0 0
rgb/1341846320.321954.png
0 0
rgb/1341846320.357890.png
0 0
rgb/1341846320.390064.png
0 0
rgb/1341846320.426544.png
0 0
rgb/1341846320.458122.png
0 0
rgb/1341846320.490186.png
0 0
rgb/1341846320.525911.png
0 0
rgb/1341846320.558091.png
0 0
rgb/1341846320.594093.png
0 0
rgb/1341846320.631955.png
0 0
rgb/1341846320.664916.png
0 0
rgb/1341846320.699927.png
0 0
rgb/1341846320.731822.png
0 0
rgb/1341846320.763877.png
0 0
rgb/1341846320.799999.png
0 0
rgb/1341846320.831871.png
0 0
rgb/1341846320.863887.png
0 0
rgb/1341846320.900014.png
0 0
rgb/1341846320.931889.png
0 0
rgb/1341846320.967866.png
0 0
rgb/1341846321.000017.png
0 0
rgb/1341846321.031860.png
0 0
rgb/1341846321.068047.png
0 0
rgb/1341846321.099840.png
0 0
rgb/1341846321.131821.png
0 0
rgb/1341846321.167887.png
0 0
rgb/1341846321.200042.png
0 0
rgb/1341846321.231950.png
0 0
rgb/1341846321.267939.png
0 0
rgb/1341846321.299948.png
0 0
rgb/1341846321.331858.png
0 0
rgb/1341846321.367913.png
0 0
rgb/1341846321.399897.png
0 0
rgb/1341846321.435994.png
0 0
rgb/1341846321.467946.png
rgb/1341846321.499882.png
0 0
rgb/1341846321.536109.png
0 0
rgb/1341846321.568960.png
0 0
rgb/1341846321.603938.png
rgb/1341846321.637163.png
0 0
rgb/1341846321.668306.png
0 0
rgb/1341846321.704411.png
0 0
rgb/1341846321.736861.png
0 0
rgb/1341846321.771881.png
0 0
rgb/1341846321.804114.png
0 0
rgb/1341846321.836152.png
0 0
rgb/1341846321.871882.png
0 0
rgb/1341846321.904074.png
rgb/1341846321.939847.png
0 0
rgb/1341846322.004094.png
0 0
rgb/1341846322.066178.png
0 0
rgb/1341846322.107979.png
0 0
rgb/1341846322.166164.png
0 0
rgb/1341846322.202932.png
0 0
rgb/1341846322.234093.png
0 0
rgb/1341846322.265941.png
0 0
rgb/1341846322.301996.png
0 0
rgb/1341846322.333949.png
0 0
rgb/1341846322.369871.png
0 0
rgb/1341846322.402292.png
0 0
rgb/1341846322.433955.png
0 0
rgb/1341846322.470030.png
0 0
rgb/1341846322.502433.png
0 0
rgb/1341846322.534002.png
0 0
rgb/1341846322.570196.png
0 0
rgb/1341846322.601920.png
0 0
rgb/1341846322.638119.png
0 0
rgb/1341846322.669947.png
0 0
rgb/1341846322.702026.png
0 0
rgb/1341846322.738006.png
0 0
rgb/1341846322.770087.png
0 0
rgb/1341846322.806047.png
0 0
rgb/1341846322.838063.png
0 0
rgb/1341846322.870081.png
0 0
rgb/1341846322.906018.png
0 0
rgb/1341846322.938349.png
0 0
rgb/1341846322.970069.png
0 0
rgb/1341846323.011820.png
0 0
rgb/1341846323.073951.png
0 0
rgb/1341846323.105962.png
0 0
rgb/1341846323.138158.png
rgb/1341846323.174092.png
rgb/1341846323.206059.png
0 0
rgb/1341846323.238053.png
0 0
rgb/1341846323.273997.png
0 0
rgb/1341846323.305946.png
rgb/1341846323.342027.png
0 0
rgb/1341846323.374048.png
0 0
rgb/1341846323.405987.png
0 0
rgb/1341846323.441956.png
0 0
rgb/1341846323.473878.png
0 0
rgb/1341846323.506129.png
0 0
rgb/1341846323.541972.png
0 0
rgb/1341846323.573913.png
0 0
rgb/1341846323.609927.png
0 0
rgb/1341846323.642014.png
0 0
rgb/1341846323.674081.png
0 0
rgb/1341846323.710069.png
0 0
rgb/1341846323.742111.png
0 0
rgb/1341846323.774928.png
0 0
rgb/1341846323.810012.png
0 0
rgb/1341846323.842207.png
0 0
rgb/1341846323.878019.png
rgb/1341846323.909826.png
0 0
rgb/1341846323.942459.png
0 0
rgb/1341846323.978055.png
rgb/1341846324.015934.png
0 0
rgb/1341846324.047722.png
0 0
rgb/1341846324.083904.png
rgb/1341846324.115968.png
rgb/1341846324.151967.png
rgb/1341846324.183941.png
0 0
rgb/1341846324.219984.png
0 0
rgb/1341846324.251968.png
0 0
rgb/1341846324.284052.png
rgb/1341846324.319880.png
0 0
rgb/1341846324.351917.png
0 0
rgb/1341846324.388001.png
rgb/1341846324.419908.png
0 0
rgb/1341846324.452027.png
0 0
rgb/1341846324.487928.png
0 0
rgb/1341846324.519985.png
0 0
rgb/1341846324.556001.png
0 0
rgb/1341846324.587888.png
0 0
rgb/1341846324.620086.png
0 0
rgb/1341846324.655955.png
0 0
rgb/1341846324.688082.png
0 0
rgb/1341846324.755922.png
0 0
rgb/1341846324.814016.png
0 0
rgb/1341846324.849979.png
0 0
rgb/1341846324.881924.png
0 0
rgb/1341846324.913902.png
0 0
rgb/1341846324.949999.png
0 0
rgb/1341846324.981922.png
0 0
rgb/1341846325.018013.png
0 0
rgb/1341846325.050079.png
0 0
rgb/1341846325.081901.png
rgb/1341846325.118531.png
0 0
rgb/1341846325.149933.png
0 0
rgb/1341846325.181925.png
0 0
rgb/1341846325.218055.png
0 0
rgb/1341846325.249811.png
0 0
rgb/1341846325.285925.png
0 0
rgb/1341846325.317988.png
0 0
rgb/1341846325.349844.png
0 0
rgb/1341846325.387302.png
0 0
rgb/1341846325.417931.png
0 0
rgb/1341846325.450747.png
0 0
rgb/1341846325.485954.png
0 0
rgb/1341846325.517875.png
0 0
rgb/1341846325.553859.png
0 0
rgb/1341846325.585855.png
0 0
rgb/1341846325.617990.png
0 0
rgb/1341846325.653982.png
0 0
rgb/1341846325.685819.png
0 0
rgb/1341846325.717857.png
0 0
rgb/1341846325.754083.png
0 0
rgb/1341846325.786087.png
0 0
rgb/1341846325.821856.png
0 0
rgb/1341846325.853827.png
0 0
rgb/1341846325.885958.png
0 0
rgb/1341846325.921984.png
0 0
rgb/1341846325.953899.png
0 0
rgb/1341846325.985823.png
0 0
rgb/1341846326.021991.png
0 0
rgb/1341846326.054055.png
0 0
rgb/1341846326.089984.png
0 0
rgb/1341846326.121822.png
0 0
rgb/1341846326.154079.png
0 0
rgb/1341846326.190178.png
0 0
rgb/1341846326.222162.png
0 0
rgb/1341846326.259181.png
0 0
rgb/1341846326.322766.png
0 0
rgb/1341846326.359773.png
0 0
rgb/1341846326.392109.png
0 0
rgb/1341846326.423985.png
0 0
rgb/1341846326.459869.png
0 0
rgb/1341846326.526163.png
0 0
rgb/1341846326.560211.png
0 0
rgb/1341846326.591828.png
0 0
rgb/1341846326.627027.png
0 0
rgb/1341846326.658442.png
0 0
rgb/1341846326.694856.png
0 0
rgb/1341846326.726206.png
0 0
rgb/1341846326.762753.png
0 0
rgb/1341846326.826821.png
0 0
rgb/1341846326.858887.png
0 0
rgb/1341846326.895360.png
0 0
rgb/1341846326.926897.png
0 0
rgb/1341846326.958888.png
0 0
rgb/1341846326.994594.png
0 0
rgb/1341846327.026301.png
0 0
rgb/1341846327.063945.png
0 0
rgb/1341846327.094662.png
0 0
rgb/1341846327.128901.png
0 0
rgb/1341846327.161940.png
0 0
rgb/1341846327.193867.png
0 0
rgb/1341846327.229885.png
0 0
rgb/1341846327.262014.png
0 0
rgb/1341846327.294023.png
0 0
rgb/1341846327.330015.png
0 0
rgb/1341846327.361939.png
0 0
rgb/1341846327.393887.png
0 0
rgb/1341846327.429966.png
0 0
rgb/1341846327.461965.png
0 0
rgb/1341846327.497931.png
0 0
rgb/1341846327.530068.png
0 0
rgb/1341846327.561895.png
0 0
rgb/1341846327.598010.png
0 0
rgb/1341846327.629945.png
0 0
rgb/1341846327.662003.png
0 0
rgb/1341846327.697919.png
0 0
rgb/1341846327.730075.png
0 0
rgb/1341846327.766017.png
0 0
rgb/1341846327.797917.png
0 0
rgb/1341846327.830054.png
0 0
rgb/1341846327.865944.png
0 0
rgb/1341846327.898010.png
0 0
rgb/1341846327.929991.png
0 0
rgb/1341846327.966065.png
0 0
rgb/1341846327.998073.png
0 0
rgb/1341846328.034045.png
0 0
rgb/1341846328.065993.png
0 0
rgb/1341846328.098045.png
0 0
rgb/1341846328.133967.png
0 0
rgb/1341846328.166023.png
0 0
rgb/1341846328.198018.png
0 0
rgb/1341846328.234044.png
0 0
rgb/1341846328.265899.png
0 0
rgb/1341846328.302051.png
0 0
rgb/1341846328.333917.png
0 0
rgb/1341846328.366008.png
0 0
rgb/1341846328.402010.png
0 0
rgb/1341846328.433920.png
0 0
rgb/1341846328.470003.png
0 0
rgb/1341846328.502194.png
0 0
rgb/1341846328.534033.png
0 0
rgb/1341846328.570125.png
0 0
rgb/1341846328.602804.png
0 0
rgb/1341846328.672663.png
0 0
rgb/1341846328.702975.png
0 0
rgb/1341846328.770129.png
0 0
rgb/1341846328.802331.png
0 0
rgb/1341846328.838051.png
0 0
rgb/1341846328.869939.png
0 0
rgb/1341846328.904486.png
0 0
rgb/1341846328.939814.png
0 0
rgb/1341846328.970217.png
0 0
rgb/1341846329.006232.png
0 0
rgb/1341846329.038243.png
0 0
rgb/1341846329.106125.png
0 0
rgb/1341846329.138340.png
0 0
rgb/1341846329.169991.png
0 0
rgb/1341846329.208656.png
0 0
rgb/1341846329.238169.png
0 0
rgb/1341846329.273827.png
0 0
rgb/1341846329.306052.png
0 0
rgb/1341846329.338104.png
0 0
rgb/1341846329.373907.png
0 0
rgb/1341846329.405985.png
0 0
rgb/1341846329.442057.png
0 0
rgb/1341846329.473950.png
0 0
rgb/1341846329.506147.png
0 0
rgb/1341846329.542121.png
0 0
rgb/1341846329.574086.png
0 0
rgb/1341846329.606387.png
0 0
rgb/1341846329.641955.png
0 0
rgb/1341846329.681570.png
0 0
rgb/1341846329.748113.png
0 0
rgb/1341846329.810175.png
0 0
rgb/1341846329.842255.png
0 0
rgb/1341846329.874044.png
0 0
rgb/1341846329.910073.png
0 0
rgb/1341846329.942009.png
0 0
rgb/1341846329.978087.png
0 0
rgb/1341846330.016305.png
0 0
rgb/1341846330.048192.png
0 0
rgb/1341846330.080418.png
0 0
rgb/1341846330.115886.png
0 0
rgb/1341846330.147839.png
0 0
rgb/1341846330.181257.png
0 0
rgb/1341846330.215852.png
0 0
rgb/1341846330.247833.png
0 0
rgb/1341846330.283913.png
0 0
rgb/1341846330.316011.png
0 0
rgb/1341846330.347868.png
0 0
rgb/1341846330.383835.png
0 0
rgb/1341846330.415934.png
0 0
rgb/1341846330.452561.png
0 0
rgb/1341846330.483903.png
0 0
rgb/1341846330.515970.png
0 0
rgb/1341846330.552099.png
0 0
rgb/1341846330.583876.png
0 0
rgb/1341846330.619992.png
0 0
rgb/1341846330.652136.png
0 0
rgb/1341846330.683796.png
0 0
rgb/1341846330.719991.png
0 0
rgb/1341846330.752103.png
0 0
rgb/1341846330.787952.png
0 0
rgb/1341846330.819823.png
0 0
rgb/1341846330.852208.png
0 0
rgb/1341846330.914111.png
0 0
rgb/1341846330.949903.png
0 0
rgb/1341846330.981986.png
0 0
rgb/1341846331.014111.png
0 0
rgb/1341846331.082139.png
0 0
rgb/1341846331.114334.png
0 0
rgb/1341846331.149989.png
0 0
rgb/1341846331.181954.png
0 0
rgb/1341846331.218151.png
0 0
rgb/1341846331.249914.png
0 0
rgb/1341846331.318141.png
0 0
rgb/1341846331.349926.png
0 0
rgb/1341846331.382003.png
0 0
rgb/1341846331.418008.png
0 0
rgb/1341846331.450327.png
0 0
rgb/1341846331.486219.png
0 0
rgb/1341846331.518344.png
0 0
rgb/1341846331.550202.png
0 0
rgb/1341846331.586139.png
0 0
rgb/1341846331.617931.png
0 0
rgb/1341846331.654027.png
0 0
rgb/1341846331.686123.png
0 0
rgb/1341846331.717954.png
0 0
rgb/1341846331.754076.png
0 0
rgb/1341846331.785920.png
0 0
rgb/1341846331.818053.png
0 0
rgb/1341846331.853849.png
0 0
rgb/1341846331.885987.png
0 0
rgb/1341846331.922014.png
0 0
rgb/1341846331.954037.png
0 0
rgb/1341846331.986135.png
0 0
rgb/1341846332.022364.png
0 0
rgb/1341846332.054175.png
0 0
rgb/1341846332.086502.png
0 0
rgb/1341846332.122051.png
0 0
rgb/1341846332.153983.png
0 0
rgb/1341846332.190165.png
0 0
rgb/1341846332.254145.png
0 0
rgb/1341846332.289948.png
0 0
rgb/1341846332.322172.png
0 0
rgb/1341846332.354003.png
0 0
rgb/1341846332.390180.png
0 0
rgb/1341846332.422055.png
0 0
rgb/1341846332.458114.png
0 0
rgb/1341846332.489993.png
0 0
rgb/1341846332.522130.png
0 0
rgb/1341846332.558114.png
0 0
rgb/1341846332.589874.png
0 0
rgb/1341846332.621889.png
0 0
rgb/1341846332.658202.png
0 0
rgb/1341846332.690001.png
0 0
rgb/1341846332.726000.png
0 0
rgb/1341846332.758386.png
0 0
rgb/1341846332.789937.png
0 0
rgb/1341846332.825925.png
0 0
rgb/1341846332.857898.png
0 0
rgb/1341846332.894069.png
0 0
rgb/1341846332.926029.png
0 0
rgb/1341846332.958015.png
0 0
rgb/1341846332.994073.png
0 0
rgb/1341846333.026545.png
0 0
rgb/1341846333.057998.png
0 0
rgb/1341846333.094024.png
0 0
rgb/1341846333.126095.png
0 0
rgb/1341846333.161973.png
0 0
rgb/1341846333.195660.png
0 0
rgb/1341846333.226331.png
0 0
rgb/1341846333.262056.png
0 0
rgb/1341846333.294147.png
0 0
rgb/1341846333.326100.png
0 0
rgb/1341846333.362100.png
0 0
rgb/1341846333.394119.png
0 0
rgb/1341846333.429974.png
0 0
rgb/1341846333.462115.png
0 0
rgb/1341846333.494040.png
0 0
rgb/1341846333.529953.png
0 0
rgb/1341846333.562063.png
0 0
rgb/1341846333.594090.png
0 0
rgb/1341846333.629994.png
0 0
rgb/1341846333.662127.png
0 0
rgb/1341846333.697964.png
0 0
rgb/1341846333.730092.png
0 0
rgb/1341846333.762089.png
0 0
rgb/1341846333.798006.png
0 0
rgb/1341846333.830055.png
0 0
rgb/1341846333.866045.png
0 0
rgb/1341846333.897987.png
0 0
rgb/1341846333.930099.png
0 0
rgb/1341846333.965889.png
0 0
rgb/1341846333.997985.png
0 0
rgb/1341846334.030076.png
0 0
rgb/1341846334.066000.png
0 0
rgb/1341846334.097932.png
0 0
rgb/1341846334.133884.png
0 0
rgb/1341846334.166115.png
0 0
rgb/1341846334.198072.png
0 0
rgb/1341846334.234097.png
0 0
rgb/1341846334.266045.png
0 0
rgb/1341846334.297946.png
0 0
rgb/1341846334.334036.png
0 0
rgb/1341846334.365871.png
0 0
rgb/1341846334.401845.png
0 0
rgb/1341846334.433864.png
0 0
rgb/1341846334.466105.png
rgb/1341846334.502142.png
0 0
rgb/1341846334.540153.png
0 0
rgb/1341846334.602351.png
0 0
rgb/1341846334.670161.png
0 0
rgb/1341846334.702085.png
0 0
rgb/1341846334.734751.png
0 0
rgb/1341846334.770889.png
0 0
rgb/1341846334.802194.png
0 0
rgb/1341846334.833908.png
0 0
rgb/1341846334.869874.png
0 0
rgb/1341846334.902006.png
0 0
rgb/1341846334.938010.png
0 0
rgb/1341846334.970032.png
0 0
rgb/1341846335.002203.png
0 0
rgb/1341846335.037880.png
0 0
rgb/1341846335.069990.png
0 0
rgb/1341846335.106038.png
0 0
rgb/1341846335.138045.png
0 0
rgb/1341846335.169900.png
0 0
rgb/1341846335.206091.png
0 0
rgb/1341846335.239365.png
0 0
rgb/1341846335.269948.png
0 0
rgb/1341846335.305972.png
0 0
rgb/1341846335.338012.png
0 0
rgb/1341846335.374005.png
0 0
rgb/1341846335.406025.png
0 0
rgb/1341846335.438079.png
0 0
rgb/1341846335.473998.png
0 0
rgb/1341846335.507038.png
0 0
rgb/1341846335.538040.png
0 0
rgb/1341846335.574119.png
0 0
rgb/1341846335.605970.png
0 0
rgb/1341846335.641978.png
0 0
rgb/1341846335.673993.png
0 0
rgb/1341846335.706178.png
0 0
rgb/1341846335.741982.png
0 0
rgb/1341846335.773960.png
0 0
rgb/1341846335.806271.png
0 0
rgb/1341846335.842031.png
0 0
rgb/1341846335.873966.png
0 0
rgb/1341846335.910005.png
0 0
rgb/1341846335.941936.png
0 0
rgb/1341846335.974198.png
0 0
rgb/1341846336.010032.png
0 0
rgb/1341846336.042129.png
0 0
rgb/1341846336.078076.png
0 0
rgb/1341846336.110739.png
0 0
rgb/1341846336.142002.png
0 0
rgb/1341846336.183953.png
0 0
rgb/1341846336.241891.png
0 0
rgb/1341846336.277946.png
0 0
rgb/1341846336.309977.png
0 0
rgb/1341846336.346143.png
0 0
rgb/1341846336.377975.png
0 0
rgb/1341846336.410032.png
0 0
rgb/1341846336.446041.png
0 0
rgb/1341846336.477990.png
0 0
rgb/1341846336.510056.png
0 0
rgb/1341846336.546024.png
0 0
rgb/1341846336.578003.png
0 0
rgb/1341846336.614020.png
0 0
rgb/1341846336.645982.png
0 0
rgb/1341846336.678036.png
0 0
rgb/1341846336.714024.png
0 0
rgb/1341846336.746016.png
0 0
rgb/1341846336.778014.png
0 0
rgb/1341846336.820006.png
0 0
rgb/1341846336.882056.png
0 0
rgb/1341846336.914273.png
0 0
rgb/1341846336.945998.png
0 0
rgb/1341846336.981980.png
0 0
rgb/1341846337.014238.png
0 0
rgb/1341846337.046017.png
0 0
rgb/1341846337.082104.png
0 0
rgb/1341846337.114317.png
0 0
rgb/1341846337.150037.png
0 0
rgb/1341846337.181873.png
0 0
rgb/1341846337.214073.png
0 0
rgb/1341846337.250087.png
0 0
rgb/1341846337.282028.png
0 0
rgb/1341846337.317920.png
0 0
rgb/1341846337.350018.png
0 0
rgb/1341846337.382159.png
0 0
rgb/1341846337.417941.png
0 0
rgb/1341846337.450137.png
0 0
rgb/1341846337.482096.png
0 0
rgb/1341846337.518008.png
0 0
rgb/1341846337.549978.png
0 0
rgb/1341846337.585971.png
0 0
rgb/1341846337.617903.png
0 0
rgb/1341846337.650141.png
0 0
rgb/1341846337.686352.png
rgb/1341846337.718002.png
rgb/1341846337.749920.png
rgb/1341846337.786157.png
0 0
rgb/1341846337.817945.png
0 0
rgb/1341846337.854071.png
0 0
rgb/1341846337.885951.png
0 0
rgb/1341846337.918223.png
0 0
rgb/1341846337.954120.png
0 0
rgb/1341846337.985994.png
0 0
rgb/1341846338.018107.png
0 0
rgb/1341846338.054055.png
0 0
rgb/1341846338.085986.png
0 0
rgb/1341846338.121875.png
0 0
rgb/1341846338.154089.png
0 0
rgb/1341846338.186029.png
0 0
rgb/1341846338.222071.png
rgb/1341846338.254107.png
0 0
rgb/1341846338.290130.png
0 0
rgb/1341846338.321952.png
0 0
rgb/1341846338.354022.png
0 0
rgb/1341846338.389969.png
0 0
rgb/1341846338.422377.png
0 0
rgb/1341846338.454010.png
0 0
rgb/1341846338.489894.png
0 0
rgb/1341846338.522066.png
0 0
rgb/1341846338.558058.png
0 0
rgb/1341846338.589842.png
0 0
rgb/1341846338.622019.png
0 0
rgb/1341846338.657984.png
0 0
rgb/1341846338.690198.png
0 0
rgb/1341846338.722454.png
0 0
rgb/1341846338.757945.png
0 0
rgb/1341846338.790039.png
0 0
rgb/1341846338.826048.png
0 0
rgb/1341846338.858027.png
0 0
rgb/1341846338.889902.png
0 0
rgb/1341846338.925948.png
0 0
rgb/1341846338.958108.png
0 0
rgb/1341846338.990057.png
0 0
rgb/1341846339.025928.png
0 0
rgb/1341846339.057939.png
0 0
rgb/1341846339.093927.png
0 0
rgb/1341846339.126562.png
0 0
rgb/1341846339.157969.png
0 0
rgb/1341846339.194113.png
0 0
rgb/1341846339.228165.png
0 0
rgb/1341846339.257998.png
0 0
rgb/1341846339.294132.png
0 0
rgb/1341846339.326577.png
0 0
rgb/1341846339.362269.png
0 0
rgb/1341846339.394725.png
0 0
rgb/1341846339.462186.png
0 0
rgb/1341846339.496743.png
0 0
rgb/1341846339.562052.png
0 0
rgb/1341846339.595122.png
0 0
rgb/1341846339.632085.png
0 0
rgb/1341846339.664568.png
0 0
rgb/1341846339.698896.png
0 0
rgb/1341846339.731977.png
0 0
rgb/1341846339.762241.png
0 0
rgb/1341846339.797873.png
0 0
rgb/1341846339.830245.png
0 0
rgb/1341846339.862015.png
0 0
rgb/1341846339.897797.png
0 0
rgb/1341846339.929916.png
0 0
rgb/1341846339.961960.png
0 0
rgb/1341846339.997845.png
0 0
rgb/1341846340.029925.png
0 0
rgb/1341846340.066044.png
0 0
rgb/1341846340.098009.png
0 0
rgb/1341846340.130102.png
0 0
rgb/1341846340.166041.png
0 0
rgb/1341846340.197867.png
0 0
rgb/1341846340.229904.png
0 0
rgb/1341846340.265859.png
0 0
rgb/1341846340.298061.png
0 0
rgb/1341846340.334063.png
0 0
rgb/1341846340.366064.png
0 0
rgb/1341846340.397995.png
0 0
rgb/1341846340.433895.png
0 0
rgb/1341846340.465959.png
0 0
rgb/1341846340.501858.png
0 0
rgb/1341846340.534329.png
0 0
rgb/1341846340.566041.png
0 0
rgb/1341846340.601909.png
0 0
rgb/1341846340.634005.png
0 0
rgb/1341846340.666028.png
0 0
rgb/1341846340.701946.png
rgb/1341846340.733954.png
0 0
rgb/1341846340.770081.png
0 0
rgb/1341846340.801980.png
0 0
rgb/1341846340.833999.png
0 0
rgb/1341846340.870013.png
rgb/1341846340.901955.png
0 0
rgb/1341846340.933918.png
0 0
rgb/1341846340.970122.png
0 0
rgb/1341846341.001922.png
0 0
rgb/1341846341.037923.png
0 0
rgb/1341846341.070300.png
0 0
rgb/1341846341.102028.png
0 0
rgb/1341846341.137982.png
0 0
rgb/1341846341.170048.png
0 0
rgb/1341846341.202110.png
0 0
rgb/1341846341.237996.png
0 0
rgb/1341846341.269883.png
0 0
rgb/1341846341.306107.png
0 0
rgb/1341846341.338109.png
0 0
rgb/1341846341.370120.png
0 0
rgb/1341846341.406074.png
0 0
rgb/1341846341.438113.png
0 0
rgb/1341846341.470024.png
0 0
rgb/1341846341.506077.png
0 0
rgb/1341846341.538156.png
0 0
rgb/1341846341.574016.png
0 0
rgb/1341846341.612466.png
0 0
rgb/1341846341.643972.png
0 0
rgb/1341846341.679982.png
0 0
rgb/1341846341.712332.png
0 0
rgb/1341846341.744185.png
0 0
rgb/1341846341.780061.png
0 0
rgb/1341846341.842595.png
0 0
rgb/1341846341.906227.png
0 0
rgb/1341846341.942069.png
0 0
rgb/1341846341.974775.png
0 0
rgb/1341846342.010161.png
0 0
rgb/1341846342.042024.png
0 0
rgb/1341846342.080032.png
0 0
rgb/1341846342.112265.png
0 0
rgb/1341846342.147954.png
0 0
rgb/1341846342.179852.png
0 0
rgb/1341846342.211848.png
0 0
rgb/1341846342.247920.png
0 0
rgb/1341846342.279870.png
0 0
rgb/1341846342.316068.png
0 0
rgb/1341846342.347894.png
0 0
rgb/1341846342.379953.png
0 0
rgb/1341846342.416195.png
-------

median tracking time: 0.171152
mean tracking time: 0.173885

Saving camera trajectory to CameraTrajectory.txt ...

trajectory saved!

Saving keyframe trajectory to KeyFrameTrajectory.txt ...

trajectory saved!
compared_pose_pairs 9976 pairs
translational_error.rmse 0.567581 m
translational_error.mean 0.355447 m
translational_error.median 0.134424 m
translational_error.std 0.442499 m
translational_error.min 0.000000 m
translational_error.max 1.874654 m
rotational_error.rmse 11.487104 deg
rotational_error.mean 7.303056 deg
rotational_error.median 2.962996 deg
rotational_error.std 8.866732 deg
rotational_error.min 0.000000 deg
rotational_error.max 36.914059 deg
compared_pose_pairs 826 pairs
absolute_translational_error.rmse 0.404715 m
absolute_translational_error.mean 0.313809 m
absolute_translational_error.median 0.246887 m
absolute_translational_error.std 0.255574 m
absolute_translational_error.min 0.032088 m
absolute_translational_error.max 1.287233 m
/home/cse/segmentationTest/segmentationResults
/home/cse/segmentationTest/objectDetectionResults
